# JRE version: OpenJDK Runtime Environment (7.0_85-b01) (build 1.7.0_85-b01)
# Java VM: OpenJDK 64-Bit Server VM (24.85-b03 mixed mode linux-amd64 compressed oops)
Heap
 PSYoungGen      total 174592K, used 54243K [0x00000000eaa80000, 0x00000000f9880000, 0x0000000100000000)
  eden space 120320K, 0% used [0x00000000eaa80000,0x00000000eaa80000,0x00000000f2000000)
  from space 54272K, 99% used [0x00000000f2000000,0x00000000f54f8fe0,0x00000000f5500000)
  to   space 37888K, 0% used [0x00000000f5500000,0x00000000f5500000,0x00000000f7a00000)
 ParOldGen       total 102912K, used 102045K [0x00000000c0000000, 0x00000000c6480000, 0x00000000eaa80000)
  object space 102912K, 99% used [0x00000000c0000000,0x00000000c63a7488,0x00000000c6480000)
 PSPermGen       total 21504K, used 5797K [0x00000000b5a00000, 0x00000000b6f00000, 0x00000000c0000000)
  object space 21504K, 26% used [0x00000000b5a00000,0x00000000b5fa95b8,0x00000000b6f00000)
GC Heap History (10 events):
Event: 43.063 GC heap after
Heap after GC invocations=7 (full 2):
 PSYoungGen      total 66048K, used 2553K [0x00000000eaa80000, 0x00000000f3c80000, 0x0000000100000000)
  eden space 63488K, 0% used [0x00000000eaa80000,0x00000000eaa80000,0x00000000ee880000)
  from space 2560K, 99% used [0x00000000ee880000,0x00000000eeafe608,0x00000000eeb00000)
  to   space 25088K, 0% used [0x00000000f2400000,0x00000000f2400000,0x00000000f3c80000)
 ParOldGen       total 88576K, used 49937K [0x00000000c0000000, 0x00000000c5680000, 0x00000000eaa80000)
  object space 88576K, 56% used [0x00000000c0000000,0x00000000c30c4600,0x00000000c5680000)
 PSPermGen       total 21504K, used 5754K [0x00000000b5a00000, 0x00000000b6f00000, 0x00000000c0000000)
  object space 21504K, 26% used [0x00000000b5a00000,0x00000000b5f9e858,0x00000000b6f00000)
}
Event: 45.406 GC heap before
{Heap before GC invocations=8 (full 2):
 PSYoungGen      total 66048K, used 66041K [0x00000000eaa80000, 0x00000000f3c80000, 0x0000000100000000)
  eden space 63488K, 100% used [0x00000000eaa80000,0x00000000ee880000,0x00000000ee880000)
  from space 2560K, 99% used [0x00000000ee880000,0x00000000eeafe608,0x00000000eeb00000)
  to   space 25088K, 0% used [0x00000000f2400000,0x00000000f2400000,0x00000000f3c80000)
 ParOldGen       total 88576K, used 49937K [0x00000000c0000000, 0x00000000c5680000, 0x00000000eaa80000)
  object space 88576K, 56% used [0x00000000c0000000,0x00000000c30c4600,0x00000000c5680000)
 PSPermGen       total 21504K, used 5782K [0x00000000b5a00000, 0x00000000b6f00000, 0x00000000c0000000)
  object space 21504K, 26% used [0x00000000b5a00000,0x00000000b5fa5950,0x00000000b6f00000)
Event: 45.682 GC heap after
Heap after GC invocations=8 (full 2):
 PSYoungGen      total 110592K, used 25058K [0x00000000eaa80000, 0x00000000f5800000, 0x0000000100000000)
  eden space 85504K, 0% used [0x00000000eaa80000,0x00000000eaa80000,0x00000000efe00000)
  from space 25088K, 99% used [0x00000000f2400000,0x00000000f3c789f8,0x00000000f3c80000)
  to   space 38912K, 0% used [0x00000000efe00000,0x00000000efe00000,0x00000000f2400000)
 ParOldGen       total 88576K, used 65501K [0x00000000c0000000, 0x00000000c5680000, 0x00000000eaa80000)
  object space 88576K, 73% used [0x00000000c0000000,0x00000000c3ff77b8,0x00000000c5680000)
 PSPermGen       total 21504K, used 5782K [0x00000000b5a00000, 0x00000000b6f00000, 0x00000000c0000000)
  object space 21504K, 26% used [0x00000000b5a00000,0x00000000b5fa5950,0x00000000b6f00000)
}
Event: 45.682 GC heap before
{Heap before GC invocations=9 (full 3):
 PSYoungGen      total 110592K, used 25058K [0x00000000eaa80000, 0x00000000f5800000, 0x0000000100000000)
  eden space 85504K, 0% used [0x00000000eaa80000,0x00000000eaa80000,0x00000000efe00000)
  from space 25088K, 99% used [0x00000000f2400000,0x00000000f3c789f8,0x00000000f3c80000)
  to   space 38912K, 0% used [0x00000000efe00000,0x00000000efe00000,0x00000000f2400000)
 ParOldGen       total 88576K, used 65501K [0x00000000c0000000, 0x00000000c5680000, 0x00000000eaa80000)
  object space 88576K, 73% used [0x00000000c0000000,0x00000000c3ff77b8,0x00000000c5680000)
 PSPermGen       total 21504K, used 5782K [0x00000000b5a00000, 0x00000000b6f00000, 0x00000000c0000000)
  object space 21504K, 26% used [0x00000000b5a00000,0x00000000b5fa5950,0x00000000b6f00000)
Event: 46.082 GC heap after
Heap after GC invocations=9 (full 3):
 PSYoungGen      total 110592K, used 0K [0x00000000eaa80000, 0x00000000f5800000, 0x0000000100000000)
  eden space 85504K, 0% used [0x00000000eaa80000,0x00000000eaa80000,0x00000000efe00000)
  from space 25088K, 0% used [0x00000000f2400000,0x00000000f2400000,0x00000000f3c80000)
  to   space 38912K, 0% used [0x00000000efe00000,0x00000000efe00000,0x00000000f2400000)
 ParOldGen       total 99840K, used 48213K [0x00000000c0000000, 0x00000000c6180000, 0x00000000eaa80000)
  object space 99840K, 48% used [0x00000000c0000000,0x00000000c2f156e0,0x00000000c6180000)
 PSPermGen       total 21504K, used 5781K [0x00000000b5a00000, 0x00000000b6f00000, 0x00000000c0000000)
  object space 21504K, 26% used [0x00000000b5a00000,0x00000000b5fa5730,0x00000000b6f00000)
}
Event: 48.759 GC heap before
{Heap before GC invocations=10 (full 3):
 PSYoungGen      total 110592K, used 85504K [0x00000000eaa80000, 0x00000000f5800000, 0x0000000100000000)
  eden space 85504K, 100% used [0x00000000eaa80000,0x00000000efe00000,0x00000000efe00000)
  from space 25088K, 0% used [0x00000000f2400000,0x00000000f2400000,0x00000000f3c80000)
  to   space 38912K, 0% used [0x00000000efe00000,0x00000000efe00000,0x00000000f2400000)
 ParOldGen       total 99840K, used 48213K [0x00000000c0000000, 0x00000000c6180000, 0x00000000eaa80000)
  object space 99840K, 48% used [0x00000000c0000000,0x00000000c2f156e0,0x00000000c6180000)
 PSPermGen       total 21504K, used 5787K [0x00000000b5a00000, 0x00000000b6f00000, 0x00000000c0000000)
  object space 21504K, 26% used [0x00000000b5a00000,0x00000000b5fa6c08,0x00000000b6f00000)
Event: 48.878 GC heap after
Heap after GC invocations=10 (full 3):
 PSYoungGen      total 124416K, used 21831K [0x00000000eaa80000, 0x00000000f7a00000, 0x0000000100000000)
  eden space 85504K, 0% used [0x00000000eaa80000,0x00000000eaa80000,0x00000000efe00000)
  from space 38912K, 56% used [0x00000000efe00000,0x00000000f1351c38,0x00000000f2400000)
  to   space 37888K, 0% used [0x00000000f5500000,0x00000000f5500000,0x00000000f7a00000)
 ParOldGen       total 99840K, used 48213K [0x00000000c0000000, 0x00000000c6180000, 0x00000000eaa80000)
  object space 99840K, 48% used [0x00000000c0000000,0x00000000c2f156e0,0x00000000c6180000)
 PSPermGen       total 21504K, used 5787K [0x00000000b5a00000, 0x00000000b6f00000, 0x00000000c0000000)
  object space 21504K, 26% used [0x00000000b5a00000,0x00000000b5fa6c08,0x00000000b6f00000)
}
Event: 49.345 GC heap before
{Heap before GC invocations=11 (full 3):
 PSYoungGen      total 124416K, used 107335K [0x00000000eaa80000, 0x00000000f7a00000, 0x0000000100000000)
  eden space 85504K, 100% used [0x00000000eaa80000,0x00000000efe00000,0x00000000efe00000)
  from space 38912K, 56% used [0x00000000efe00000,0x00000000f1351c38,0x00000000f2400000)
  to   space 37888K, 0% used [0x00000000f5500000,0x00000000f5500000,0x00000000f7a00000)
 ParOldGen       total 99840K, used 48213K [0x00000000c0000000, 0x00000000c6180000, 0x00000000eaa80000)
  object space 99840K, 48% used [0x00000000c0000000,0x00000000c2f156e0,0x00000000c6180000)
 PSPermGen       total 21504K, used 5787K [0x00000000b5a00000, 0x00000000b6f00000, 0x00000000c0000000)
  object space 21504K, 26% used [0x00000000b5a00000,0x00000000b5fa6de8,0x00000000b6f00000)
Event: 49.422 GC heap after
Heap after GC invocations=11 (full 3):
 PSYoungGen      total 158208K, used 37868K [0x00000000eaa80000, 0x00000000f9880000, 0x0000000100000000)
  eden space 120320K, 0% used [0x00000000eaa80000,0x00000000eaa80000,0x00000000f2000000)
  from space 37888K, 99% used [0x00000000f5500000,0x00000000f79fb360,0x00000000f7a00000)
  to   space 54272K, 0% used [0x00000000f2000000,0x00000000f2000000,0x00000000f5500000)
 ParOldGen       total 99840K, used 71102K [0x00000000c0000000, 0x00000000c6180000, 0x00000000eaa80000)
  object space 99840K, 71% used [0x00000000c0000000,0x00000000c456fa78,0x00000000c6180000)
 PSPermGen       total 21504K, used 5787K [0x00000000b5a00000, 0x00000000b6f00000, 0x00000000c0000000)
  object space 21504K, 26% used [0x00000000b5a00000,0x00000000b5fa6de8,0x00000000b6f00000)
}
Event: 51.713 GC heap before
{Heap before GC invocations=12 (full 3):
 PSYoungGen      total 158208K, used 158188K [0x00000000eaa80000, 0x00000000f9880000, 0x0000000100000000)
  eden space 120320K, 100% used [0x00000000eaa80000,0x00000000f2000000,0x00000000f2000000)
  from space 37888K, 99% used [0x00000000f5500000,0x00000000f79fb360,0x00000000f7a00000)
  to   space 54272K, 0% used [0x00000000f2000000,0x00000000f2000000,0x00000000f5500000)
 ParOldGen       total 99840K, used 71102K [0x00000000c0000000, 0x00000000c6180000, 0x00000000eaa80000)
  object space 99840K, 71% used [0x00000000c0000000,0x00000000c456fa78,0x00000000c6180000)
 PSPermGen       total 21504K, used 5797K [0x00000000b5a00000, 0x00000000b6f00000, 0x00000000c0000000)
  object space 21504K, 26% used [0x00000000b5a00000,0x00000000b5fa95b8,0x00000000b6f00000)

