# JRE version: OpenJDK Runtime Environment (7.0_85-b01) (build 1.7.0_85-b01)
# Java VM: OpenJDK 64-Bit Server VM (24.85-b03 mixed mode linux-amd64 compressed oops)
Heap
 PSYoungGen      total 110080K, used 36832K [0x00000000eaa80000, 0x00000000f4080000, 0x0000000100000000)
  eden space 73216K, 0% used [0x00000000eaa80000,0x00000000eaa80000,0x00000000ef200000)
  from space 36864K, 99% used [0x00000000ef200000,0x00000000f15f80a8,0x00000000f1600000)
  to   space 25088K, 0% used [0x00000000f1600000,0x00000000f1600000,0x00000000f2e80000)
 ParOldGen       total 114688K, used 66340K [0x00000000c0000000, 0x00000000c7000000, 0x00000000eaa80000)
  object space 114688K, 57% used [0x00000000c0000000,0x00000000c40c9060,0x00000000c7000000)
 PSPermGen       total 21504K, used 5785K [0x00000000b5a00000, 0x00000000b6f00000, 0x00000000c0000000)
  object space 21504K, 26% used [0x00000000b5a00000,0x00000000b5fa6448,0x00000000b6f00000)
GC Heap History (10 events):
Event: 8.361 GC heap after
Heap after GC invocations=4 (full 1):
 PSYoungGen      total 34304K, used 0K [0x00000000eaa80000, 0x00000000eed80000, 0x0000000100000000)
  eden space 31744K, 0% used [0x00000000eaa80000,0x00000000eaa80000,0x00000000ec980000)
  from space 2560K, 0% used [0x00000000ec980000,0x00000000ec980000,0x00000000ecc00000)
  to   space 2560K, 0% used [0x00000000eeb00000,0x00000000eeb00000,0x00000000eed80000)
 ParOldGen       total 65536K, used 21310K [0x00000000c0000000, 0x00000000c4000000, 0x00000000eaa80000)
  object space 65536K, 32% used [0x00000000c0000000,0x00000000c14cfb00,0x00000000c4000000)
 PSPermGen       total 21504K, used 5738K [0x00000000b5a00000, 0x00000000b6f00000, 0x00000000c0000000)
  object space 21504K, 26% used [0x00000000b5a00000,0x00000000b5f9aa68,0x00000000b6f00000)
}
Event: 8.444 GC heap before
{Heap before GC invocations=5 (full 1):
 PSYoungGen      total 34304K, used 31744K [0x00000000eaa80000, 0x00000000eed80000, 0x0000000100000000)
  eden space 31744K, 100% used [0x00000000eaa80000,0x00000000ec980000,0x00000000ec980000)
  from space 2560K, 0% used [0x00000000ec980000,0x00000000ec980000,0x00000000ecc00000)
  to   space 2560K, 0% used [0x00000000eeb00000,0x00000000eeb00000,0x00000000eed80000)
 ParOldGen       total 65536K, used 21310K [0x00000000c0000000, 0x00000000c4000000, 0x00000000eaa80000)
  object space 65536K, 32% used [0x00000000c0000000,0x00000000c14cfb00,0x00000000c4000000)
 PSPermGen       total 21504K, used 5738K [0x00000000b5a00000, 0x00000000b6f00000, 0x00000000c0000000)
  object space 21504K, 26% used [0x00000000b5a00000,0x00000000b5f9aa68,0x00000000b6f00000)
Event: 8.508 GC heap after
Heap after GC invocations=5 (full 1):
 PSYoungGen      total 54784K, used 2560K [0x00000000eaa80000, 0x00000000eed80000, 0x0000000100000000)
  eden space 52224K, 0% used [0x00000000eaa80000,0x00000000eaa80000,0x00000000edd80000)
  from space 2560K, 100% used [0x00000000eeb00000,0x00000000eed80000,0x00000000eed80000)
  to   space 2560K, 0% used [0x00000000ee880000,0x00000000ee880000,0x00000000eeb00000)
 ParOldGen       total 65536K, used 39502K [0x00000000c0000000, 0x00000000c4000000, 0x00000000eaa80000)
  object space 65536K, 60% used [0x00000000c0000000,0x00000000c2693b00,0x00000000c4000000)
 PSPermGen       total 21504K, used 5738K [0x00000000b5a00000, 0x00000000b6f00000, 0x00000000c0000000)
  object space 21504K, 26% used [0x00000000b5a00000,0x00000000b5f9aa68,0x00000000b6f00000)
}
Event: 9.079 GC heap before
{Heap before GC invocations=6 (full 1):
 PSYoungGen      total 54784K, used 54784K [0x00000000eaa80000, 0x00000000eed80000, 0x0000000100000000)
  eden space 52224K, 100% used [0x00000000eaa80000,0x00000000edd80000,0x00000000edd80000)
  from space 2560K, 100% used [0x00000000eeb00000,0x00000000eed80000,0x00000000eed80000)
  to   space 2560K, 0% used [0x00000000ee880000,0x00000000ee880000,0x00000000eeb00000)
 ParOldGen       total 65536K, used 39502K [0x00000000c0000000, 0x00000000c4000000, 0x00000000eaa80000)
  object space 65536K, 60% used [0x00000000c0000000,0x00000000c2693b00,0x00000000c4000000)
 PSPermGen       total 21504K, used 5752K [0x00000000b5a00000, 0x00000000b6f00000, 0x00000000c0000000)
  object space 21504K, 26% used [0x00000000b5a00000,0x00000000b5f9e068,0x00000000b6f00000)
Event: 9.102 GC heap after
Heap after GC invocations=6 (full 1):
 PSYoungGen      total 66048K, used 2560K [0x00000000eaa80000, 0x00000000f2e80000, 0x0000000100000000)
  eden space 63488K, 0% used [0x00000000eaa80000,0x00000000eaa80000,0x00000000ee880000)
  from space 2560K, 100% used [0x00000000ee880000,0x00000000eeb00000,0x00000000eeb00000)
  to   space 25088K, 0% used [0x00000000f1600000,0x00000000f1600000,0x00000000f2e80000)
 ParOldGen       total 65536K, used 47424K [0x00000000c0000000, 0x00000000c4000000, 0x00000000eaa80000)
  object space 65536K, 72% used [0x00000000c0000000,0x00000000c2e50050,0x00000000c4000000)
 PSPermGen       total 21504K, used 5752K [0x00000000b5a00000, 0x00000000b6f00000, 0x00000000c0000000)
  object space 21504K, 26% used [0x00000000b5a00000,0x00000000b5f9e068,0x00000000b6f00000)
}
Event: 9.102 GC heap before
{Heap before GC invocations=7 (full 2):
 PSYoungGen      total 66048K, used 2560K [0x00000000eaa80000, 0x00000000f2e80000, 0x0000000100000000)
  eden space 63488K, 0% used [0x00000000eaa80000,0x00000000eaa80000,0x00000000ee880000)
  from space 2560K, 100% used [0x00000000ee880000,0x00000000eeb00000,0x00000000eeb00000)
  to   space 25088K, 0% used [0x00000000f1600000,0x00000000f1600000,0x00000000f2e80000)
 ParOldGen       total 65536K, used 47424K [0x00000000c0000000, 0x00000000c4000000, 0x00000000eaa80000)
  object space 65536K, 72% used [0x00000000c0000000,0x00000000c2e50050,0x00000000c4000000)
 PSPermGen       total 21504K, used 5752K [0x00000000b5a00000, 0x00000000b6f00000, 0x00000000c0000000)
  object space 21504K, 26% used [0x00000000b5a00000,0x00000000b5f9e068,0x00000000b6f00000)
Event: 9.359 GC heap after
Heap after GC invocations=7 (full 2):
 PSYoungGen      total 66048K, used 0K [0x00000000eaa80000, 0x00000000f2e80000, 0x0000000100000000)
  eden space 63488K, 0% used [0x00000000eaa80000,0x00000000eaa80000,0x00000000ee880000)
  from space 2560K, 0% used [0x00000000ee880000,0x00000000ee880000,0x00000000eeb00000)
  to   space 25088K, 0% used [0x00000000f1600000,0x00000000f1600000,0x00000000f2e80000)
 ParOldGen       total 114688K, used 48288K [0x00000000c0000000, 0x00000000c7000000, 0x00000000eaa80000)
  object space 114688K, 42% used [0x00000000c0000000,0x00000000c2f281a0,0x00000000c7000000)
 PSPermGen       total 21504K, used 5752K [0x00000000b5a00000, 0x00000000b6f00000, 0x00000000c0000000)
  object space 21504K, 26% used [0x00000000b5a00000,0x00000000b5f9e048,0x00000000b6f00000)
}
Event: 12.247 GC heap before
{Heap before GC invocations=8 (full 2):
 PSYoungGen      total 66048K, used 63488K [0x00000000eaa80000, 0x00000000f2e80000, 0x0000000100000000)
  eden space 63488K, 100% used [0x00000000eaa80000,0x00000000ee880000,0x00000000ee880000)
  from space 2560K, 0% used [0x00000000ee880000,0x00000000ee880000,0x00000000eeb00000)
  to   space 25088K, 0% used [0x00000000f1600000,0x00000000f1600000,0x00000000f2e80000)
 ParOldGen       total 114688K, used 48288K [0x00000000c0000000, 0x00000000c7000000, 0x00000000eaa80000)
  object space 114688K, 42% used [0x00000000c0000000,0x00000000c2f281a0,0x00000000c7000000)
 PSPermGen       total 21504K, used 5784K [0x00000000b5a00000, 0x00000000b6f00000, 0x00000000c0000000)
  object space 21504K, 26% used [0x00000000b5a00000,0x00000000b5fa62f0,0x00000000b6f00000)
Event: 12.361 GC heap after
Heap after GC invocations=8 (full 2):
 PSYoungGen      total 98304K, used 25062K [0x00000000eaa80000, 0x00000000f4080000, 0x0000000100000000)
  eden space 73216K, 0% used [0x00000000eaa80000,0x00000000eaa80000,0x00000000ef200000)
  from space 25088K, 99% used [0x00000000f1600000,0x00000000f2e799f8,0x00000000f2e80000)
  to   space 36864K, 0% used [0x00000000ef200000,0x00000000ef200000,0x00000000f1600000)
 ParOldGen       total 114688K, used 60594K [0x00000000c0000000, 0x00000000c7000000, 0x00000000eaa80000)
  object space 114688K, 52% used [0x00000000c0000000,0x00000000c3b2ca28,0x00000000c7000000)
 PSPermGen       total 21504K, used 5784K [0x00000000b5a00000, 0x00000000b6f00000, 0x00000000c0000000)
  object space 21504K, 26% used [0x00000000b5a00000,0x00000000b5fa62f0,0x00000000b6f00000)
}
Event: 12.873 GC heap before
{Heap before GC invocations=9 (full 2):
 PSYoungGen      total 98304K, used 98278K [0x00000000eaa80000, 0x00000000f4080000, 0x0000000100000000)
  eden space 73216K, 100% used [0x00000000eaa80000,0x00000000ef200000,0x00000000ef200000)
  from space 25088K, 99% used [0x00000000f1600000,0x00000000f2e799f8,0x00000000f2e80000)
  to   space 36864K, 0% used [0x00000000ef200000,0x00000000ef200000,0x00000000f1600000)
 ParOldGen       total 114688K, used 60594K [0x00000000c0000000, 0x00000000c7000000, 0x00000000eaa80000)
  object space 114688K, 52% used [0x00000000c0000000,0x00000000c3b2ca28,0x00000000c7000000)
 PSPermGen       total 21504K, used 5785K [0x00000000b5a00000, 0x00000000b6f00000, 0x00000000c0000000)
  object space 21504K, 26% used [0x00000000b5a00000,0x00000000b5fa6448,0x00000000b6f00000)

